<html>
<head>
<title>TestNG:  Managed_API_Page</title>
<link href="../testng.css" rel="stylesheet" type="text/css" />
<link href="../my-testng.css" rel="stylesheet" type="text/css" />

<style type="text/css">
.log { display: none;} 
.stack-trace { display: none;} 
</style>
<script type="text/javascript">
<!--
function flip(e) {
  current = e.style.display;
  if (current == 'block') {
    e.style.display = 'none';
    return 0;
  }
  else {
    e.style.display = 'block';
    return 1;
  }
}

function toggleBox(szDivId, elem, msg1, msg2)
{
  var res = -1;  if (document.getElementById) {
    res = flip(document.getElementById(szDivId));
  }
  else if (document.all) {
    // this is the way old msie versions work
    res = flip(document.all[szDivId]);
  }
  if(elem) {
    if(res == 0) elem.innerHTML = msg1; else elem.innerHTML = msg2;
  }

}

function toggleAllBoxes() {
  if (document.getElementsByTagName) {
    d = document.getElementsByTagName('div');
    for (i = 0; i < d.length; i++) {
      if (d[i].className == 'log') {
        flip(d[i]);
      }
    }
  }
}

// -->
</script>

</head>
<body>
<h2 align='center'>Managed_API_Page</h2><table border='1' align="center">
<tr>
<td>Tests passed/Failed/Skipped:</td><td>1/4/0</td>
</tr><tr>
<td>Started on:</td><td>Thu Dec 15 23:26:52 IST 2022</td>
</tr>
<tr><td>Total time:</td><td>763 seconds (763059 ms)</td>
</tr><tr>
<td>Included groups:</td><td></td>
</tr><tr>
<td>Excluded groups:</td><td></td>
</tr>
</table><p/>
<small><i>(Hover the method name to see the test class name)</i></small><p/>
<table width='100%' border='1' class='invocation-failed'>
<tr><td colspan='4' align='center'><b>FAILED CONFIGURATIONS</b></td></tr>
<tr><td><b>Test method</b></td>
<td width="30%"><b>Exception</b></td>
<td width="10%"><b>Time (seconds)</b></td>
<td><b>Instance</b></td>
</tr>
<tr>
<td title='com.informatica.tests.APIGroupsTest.init()'><b>init</b><br>Test class: com.informatica.tests.APIGroupsTest</td>
<td><div><pre>com.microsoft.playwright.TimeoutError: Timeout 60000ms exceeded
	at com.microsoft.playwright.impl.WaitableTimeout.get(WaitableTimeout.java:41)
	at com.microsoft.playwright.impl.WaitableRace.get(WaitableRace.java:44)
	at com.microsoft.playwright.impl.ChannelOwner.runUntil(ChannelOwner.java:103)
	at com.microsoft.playwright.impl.FrameImpl.waitForLoadStateImpl(FrameImpl.java:825)
	at com.microsoft.playwright.impl.FrameImpl.waitForLoadStateImpl(FrameImpl.java:810)
	at com.microsoft.playwright.impl.PageImpl.lambda$waitForLoadState$69(PageImpl.java:1260)
	at com.microsoft.playwright.impl.WaitForEventLogger.get(WaitForEventLogger.java:46)
	at com.microsoft.playwright.impl.ChannelOwner.withWaitLogging(ChannelOwner.java:72)
	at com.microsoft.playwright.impl.PageImpl.waitForLoadState(PageImpl.java:1259)
	at com.microsoft.playwright.Page.waitForLoadState(Page.java:6025)
	at com.informatica.pages.LoginPage.ClickonAPIMChiklet(LoginPage.java:50)
	at com.informatica.tests.APIGroupsTest.init(APIGroupsTest.java:39)
	at java.base/java.util.concurrent.FutureTask.run(FutureTask.java:264)
	at java.base/java.util.concurrent.ThreadPoolExecutor.runWorker(ThreadPoolExecutor.java:1136)
	at java.base/java.util.concurrent.ThreadPoolExecutor$Worker.run(ThreadPoolExecutor.java:635)
	at java.base/java.lang.Thread.run(Thread.java:833)
... Removed 15 stack frames</pre></div><a href='#' onClick='toggleBox("stack-trace1817760318", this, "Click to show all stack frames", "Click to hide stack frames")'>Click to show all stack frames</a>
<div class='stack-trace' id='stack-trace1817760318'><pre>com.microsoft.playwright.TimeoutError: Timeout 60000ms exceeded
	at com.microsoft.playwright.impl.WaitableTimeout.get(WaitableTimeout.java:41)
	at com.microsoft.playwright.impl.WaitableRace.get(WaitableRace.java:44)
	at com.microsoft.playwright.impl.ChannelOwner.runUntil(ChannelOwner.java:103)
	at com.microsoft.playwright.impl.FrameImpl.waitForLoadStateImpl(FrameImpl.java:825)
	at com.microsoft.playwright.impl.FrameImpl.waitForLoadStateImpl(FrameImpl.java:810)
	at com.microsoft.playwright.impl.PageImpl.lambda$waitForLoadState$69(PageImpl.java:1260)
	at com.microsoft.playwright.impl.WaitForEventLogger.get(WaitForEventLogger.java:46)
	at com.microsoft.playwright.impl.ChannelOwner.withWaitLogging(ChannelOwner.java:72)
	at com.microsoft.playwright.impl.PageImpl.waitForLoadState(PageImpl.java:1259)
	at com.microsoft.playwright.Page.waitForLoadState(Page.java:6025)
	at com.informatica.pages.LoginPage.ClickonAPIMChiklet(LoginPage.java:50)
	at com.informatica.tests.APIGroupsTest.init(APIGroupsTest.java:39)
	at java.base/jdk.internal.reflect.NativeMethodAccessorImpl.invoke0(Native Method)
	at java.base/jdk.internal.reflect.NativeMethodAccessorImpl.invoke(NativeMethodAccessorImpl.java:77)
	at java.base/jdk.internal.reflect.DelegatingMethodAccessorImpl.invoke(DelegatingMethodAccessorImpl.java:43)
	at java.base/java.lang.reflect.Method.invoke(Method.java:568)
	at org.testng.internal.MethodInvocationHelper.invokeMethod(MethodInvocationHelper.java:124)
	at org.testng.internal.MethodInvocationHelper.invokeMethodConsideringTimeout(MethodInvocationHelper.java:59)
	at org.testng.internal.Invoker.invokeConfigurationMethod(Invoker.java:458)
	at org.testng.internal.Invoker.invokeConfigurations(Invoker.java:222)
	at org.testng.internal.Invoker.invokeConfigurations(Invoker.java:142)
	at org.testng.TestRunner.beforeRun(TestRunner.java:529)
	at org.testng.TestRunner.run(TestRunner.java:497)
	at org.testng.SuiteRunner.runTest(SuiteRunner.java:455)
	at org.testng.SuiteRunner.access$000(SuiteRunner.java:40)
	at org.testng.SuiteRunner$SuiteWorker.run(SuiteRunner.java:489)
	at org.testng.internal.thread.ThreadUtil$1.call(ThreadUtil.java:52)
	at java.base/java.util.concurrent.FutureTask.run(FutureTask.java:264)
	at java.base/java.util.concurrent.ThreadPoolExecutor.runWorker(ThreadPoolExecutor.java:1136)
	at java.base/java.util.concurrent.ThreadPoolExecutor$Worker.run(ThreadPoolExecutor.java:635)
	at java.base/java.lang.Thread.run(Thread.java:833)
</pre></div></td>
<td>93</td>
<td>com.informatica.tests.APIGroupsTest@1608bcbd</td></tr>
<tr>
<td title='com.informatica.tests.APIGroupsTest.tearDown()'><b>tearDown</b><br>Test class: com.informatica.tests.APIGroupsTest</td>
<td><div><pre>com.microsoft.playwright.PlaywrightException: Failed to read message from driver, pipe closed.
	at com.microsoft.playwright.impl.PipeTransport.poll(PipeTransport.java:75)
	at com.microsoft.playwright.impl.Connection.processOneMessage(Connection.java:157)
	at com.microsoft.playwright.impl.ChannelOwner.runUntil(ChannelOwner.java:101)
	at com.microsoft.playwright.impl.Connection.sendMessage(Connection.java:105)
	at com.microsoft.playwright.impl.ChannelOwner.sendMessage(ChannelOwner.java:94)
	at com.microsoft.playwright.impl.ChannelOwner.sendMessage(ChannelOwner.java:90)
	at com.microsoft.playwright.impl.BrowserContextImpl.closeImpl(BrowserContextImpl.java:196)
	at com.microsoft.playwright.impl.BrowserContextImpl.lambda$close$1(BrowserContextImpl.java:170)
	at com.microsoft.playwright.impl.LoggingSupport.lambda$withLogging$0(LoggingSupport.java:36)
	at com.microsoft.playwright.impl.LoggingSupport.withLogging(LoggingSupport.java:47)
	at com.microsoft.playwright.impl.ChannelOwner.withLogging(ChannelOwner.java:79)
	at com.microsoft.playwright.impl.LoggingSupport.withLogging(LoggingSupport.java:35)
	at com.microsoft.playwright.impl.BrowserContextImpl.close(BrowserContextImpl.java:170)
	at com.informatica.tests.BaseTest.tearDown(BaseTest.java:294)
	at java.base/java.util.concurrent.FutureTask.run(FutureTask.java:264)
	at java.base/java.util.concurrent.ThreadPoolExecutor.runWorker(ThreadPoolExecutor.java:1136)
	at java.base/java.util.concurrent.ThreadPoolExecutor$Worker.run(ThreadPoolExecutor.java:635)
	at java.base/java.lang.Thread.run(Thread.java:833)
Caused by: java.io.EOFException
	at com.microsoft.playwright.impl.ReaderThread.readIntLE(PipeTransport.java:110)
	at com.microsoft.playwright.impl.ReaderThread.readMessage(PipeTransport.java:139)
	at com.microsoft.playwright.impl.ReaderThread.run(PipeTransport.java:125)
... Removed 15 stack frames</pre></div><a href='#' onClick='toggleBox("stack-trace1649381400", this, "Click to show all stack frames", "Click to hide stack frames")'>Click to show all stack frames</a>
<div class='stack-trace' id='stack-trace1649381400'><pre>com.microsoft.playwright.PlaywrightException: Failed to read message from driver, pipe closed.
	at com.microsoft.playwright.impl.PipeTransport.poll(PipeTransport.java:75)
	at com.microsoft.playwright.impl.Connection.processOneMessage(Connection.java:157)
	at com.microsoft.playwright.impl.ChannelOwner.runUntil(ChannelOwner.java:101)
	at com.microsoft.playwright.impl.Connection.sendMessage(Connection.java:105)
	at com.microsoft.playwright.impl.ChannelOwner.sendMessage(ChannelOwner.java:94)
	at com.microsoft.playwright.impl.ChannelOwner.sendMessage(ChannelOwner.java:90)
	at com.microsoft.playwright.impl.BrowserContextImpl.closeImpl(BrowserContextImpl.java:196)
	at com.microsoft.playwright.impl.BrowserContextImpl.lambda$close$1(BrowserContextImpl.java:170)
	at com.microsoft.playwright.impl.LoggingSupport.lambda$withLogging$0(LoggingSupport.java:36)
	at com.microsoft.playwright.impl.LoggingSupport.withLogging(LoggingSupport.java:47)
	at com.microsoft.playwright.impl.ChannelOwner.withLogging(ChannelOwner.java:79)
	at com.microsoft.playwright.impl.LoggingSupport.withLogging(LoggingSupport.java:35)
	at com.microsoft.playwright.impl.BrowserContextImpl.close(BrowserContextImpl.java:170)
	at com.informatica.tests.BaseTest.tearDown(BaseTest.java:294)
	at java.base/jdk.internal.reflect.NativeMethodAccessorImpl.invoke0(Native Method)
	at java.base/jdk.internal.reflect.NativeMethodAccessorImpl.invoke(NativeMethodAccessorImpl.java:77)
	at java.base/jdk.internal.reflect.DelegatingMethodAccessorImpl.invoke(DelegatingMethodAccessorImpl.java:43)
	at java.base/java.lang.reflect.Method.invoke(Method.java:568)
	at org.testng.internal.MethodInvocationHelper.invokeMethod(MethodInvocationHelper.java:124)
	at org.testng.internal.MethodInvocationHelper.invokeMethodConsideringTimeout(MethodInvocationHelper.java:59)
	at org.testng.internal.Invoker.invokeConfigurationMethod(Invoker.java:458)
	at org.testng.internal.Invoker.invokeConfigurations(Invoker.java:222)
	at org.testng.internal.Invoker.invokeConfigurations(Invoker.java:142)
	at org.testng.TestRunner.afterRun(TestRunner.java:725)
	at org.testng.TestRunner.run(TestRunner.java:509)
	at org.testng.SuiteRunner.runTest(SuiteRunner.java:455)
	at org.testng.SuiteRunner.access$000(SuiteRunner.java:40)
	at org.testng.SuiteRunner$SuiteWorker.run(SuiteRunner.java:489)
	at org.testng.internal.thread.ThreadUtil$1.call(ThreadUtil.java:52)
	at java.base/java.util.concurrent.FutureTask.run(FutureTask.java:264)
	at java.base/java.util.concurrent.ThreadPoolExecutor.runWorker(ThreadPoolExecutor.java:1136)
	at java.base/java.util.concurrent.ThreadPoolExecutor$Worker.run(ThreadPoolExecutor.java:635)
	at java.base/java.lang.Thread.run(Thread.java:833)
Caused by: java.io.EOFException
	at com.microsoft.playwright.impl.ReaderThread.readIntLE(PipeTransport.java:110)
	at com.microsoft.playwright.impl.ReaderThread.readMessage(PipeTransport.java:139)
	at com.microsoft.playwright.impl.ReaderThread.run(PipeTransport.java:125)
</pre></div></td>
<td>1</td>
<td>com.informatica.tests.APIGroupsTest@1608bcbd</td></tr>
<tr>
<td title='com.informatica.tests.managedAPITest.tearDown()'><b>tearDown</b><br>Test class: com.informatica.tests.managedAPITest</td>
<td><div><pre>com.microsoft.playwright.PlaywrightException: Failed to read message from driver, pipe closed.
	at com.microsoft.playwright.impl.PipeTransport.poll(PipeTransport.java:75)
	at com.microsoft.playwright.impl.Connection.processOneMessage(Connection.java:157)
	at com.microsoft.playwright.impl.ChannelOwner.runUntil(ChannelOwner.java:101)
	at com.microsoft.playwright.impl.Connection.sendMessage(Connection.java:105)
	at com.microsoft.playwright.impl.ChannelOwner.sendMessage(ChannelOwner.java:94)
	at com.microsoft.playwright.impl.ChannelOwner.sendMessage(ChannelOwner.java:90)
	at com.microsoft.playwright.impl.BrowserContextImpl.closeImpl(BrowserContextImpl.java:196)
	at com.microsoft.playwright.impl.BrowserContextImpl.lambda$close$1(BrowserContextImpl.java:170)
	at com.microsoft.playwright.impl.LoggingSupport.lambda$withLogging$0(LoggingSupport.java:36)
	at com.microsoft.playwright.impl.LoggingSupport.withLogging(LoggingSupport.java:47)
	at com.microsoft.playwright.impl.ChannelOwner.withLogging(ChannelOwner.java:79)
	at com.microsoft.playwright.impl.LoggingSupport.withLogging(LoggingSupport.java:35)
	at com.microsoft.playwright.impl.BrowserContextImpl.close(BrowserContextImpl.java:170)
	at com.informatica.tests.BaseTest.tearDown(BaseTest.java:294)
	at java.base/java.util.concurrent.FutureTask.run(FutureTask.java:264)
	at java.base/java.util.concurrent.ThreadPoolExecutor.runWorker(ThreadPoolExecutor.java:1136)
	at java.base/java.util.concurrent.ThreadPoolExecutor$Worker.run(ThreadPoolExecutor.java:635)
	at java.base/java.lang.Thread.run(Thread.java:833)
Caused by: java.io.EOFException
	at com.microsoft.playwright.impl.ReaderThread.readIntLE(PipeTransport.java:110)
	at com.microsoft.playwright.impl.ReaderThread.readMessage(PipeTransport.java:139)
	at com.microsoft.playwright.impl.ReaderThread.run(PipeTransport.java:125)
... Removed 15 stack frames</pre></div><a href='#' onClick='toggleBox("stack-trace414422343", this, "Click to show all stack frames", "Click to hide stack frames")'>Click to show all stack frames</a>
<div class='stack-trace' id='stack-trace414422343'><pre>com.microsoft.playwright.PlaywrightException: Failed to read message from driver, pipe closed.
	at com.microsoft.playwright.impl.PipeTransport.poll(PipeTransport.java:75)
	at com.microsoft.playwright.impl.Connection.processOneMessage(Connection.java:157)
	at com.microsoft.playwright.impl.ChannelOwner.runUntil(ChannelOwner.java:101)
	at com.microsoft.playwright.impl.Connection.sendMessage(Connection.java:105)
	at com.microsoft.playwright.impl.ChannelOwner.sendMessage(ChannelOwner.java:94)
	at com.microsoft.playwright.impl.ChannelOwner.sendMessage(ChannelOwner.java:90)
	at com.microsoft.playwright.impl.BrowserContextImpl.closeImpl(BrowserContextImpl.java:196)
	at com.microsoft.playwright.impl.BrowserContextImpl.lambda$close$1(BrowserContextImpl.java:170)
	at com.microsoft.playwright.impl.LoggingSupport.lambda$withLogging$0(LoggingSupport.java:36)
	at com.microsoft.playwright.impl.LoggingSupport.withLogging(LoggingSupport.java:47)
	at com.microsoft.playwright.impl.ChannelOwner.withLogging(ChannelOwner.java:79)
	at com.microsoft.playwright.impl.LoggingSupport.withLogging(LoggingSupport.java:35)
	at com.microsoft.playwright.impl.BrowserContextImpl.close(BrowserContextImpl.java:170)
	at com.informatica.tests.BaseTest.tearDown(BaseTest.java:294)
	at java.base/jdk.internal.reflect.NativeMethodAccessorImpl.invoke0(Native Method)
	at java.base/jdk.internal.reflect.NativeMethodAccessorImpl.invoke(NativeMethodAccessorImpl.java:77)
	at java.base/jdk.internal.reflect.DelegatingMethodAccessorImpl.invoke(DelegatingMethodAccessorImpl.java:43)
	at java.base/java.lang.reflect.Method.invoke(Method.java:568)
	at org.testng.internal.MethodInvocationHelper.invokeMethod(MethodInvocationHelper.java:124)
	at org.testng.internal.MethodInvocationHelper.invokeMethodConsideringTimeout(MethodInvocationHelper.java:59)
	at org.testng.internal.Invoker.invokeConfigurationMethod(Invoker.java:458)
	at org.testng.internal.Invoker.invokeConfigurations(Invoker.java:222)
	at org.testng.internal.Invoker.invokeConfigurations(Invoker.java:142)
	at org.testng.TestRunner.afterRun(TestRunner.java:725)
	at org.testng.TestRunner.run(TestRunner.java:509)
	at org.testng.SuiteRunner.runTest(SuiteRunner.java:455)
	at org.testng.SuiteRunner.access$000(SuiteRunner.java:40)
	at org.testng.SuiteRunner$SuiteWorker.run(SuiteRunner.java:489)
	at org.testng.internal.thread.ThreadUtil$1.call(ThreadUtil.java:52)
	at java.base/java.util.concurrent.FutureTask.run(FutureTask.java:264)
	at java.base/java.util.concurrent.ThreadPoolExecutor.runWorker(ThreadPoolExecutor.java:1136)
	at java.base/java.util.concurrent.ThreadPoolExecutor$Worker.run(ThreadPoolExecutor.java:635)
	at java.base/java.lang.Thread.run(Thread.java:833)
Caused by: java.io.EOFException
	at com.microsoft.playwright.impl.ReaderThread.readIntLE(PipeTransport.java:110)
	at com.microsoft.playwright.impl.ReaderThread.readMessage(PipeTransport.java:139)
	at com.microsoft.playwright.impl.ReaderThread.run(PipeTransport.java:125)
</pre></div></td>
<td>0</td>
<td>com.informatica.tests.managedAPITest@2f62ea70</td></tr>
</table><p>
<table width='100%' border='1' class='invocation-failed'>
<tr><td colspan='4' align='center'><b>FAILED TESTS</b></td></tr>
<tr><td><b>Test method</b></td>
<td width="30%"><b>Exception</b></td>
<td width="10%"><b>Time (seconds)</b></td>
<td><b>Instance</b></td>
</tr>
<tr>
<td title='com.informatica.tests.managedAPITest.ClickOnEnablePrivacyPolicyWarning()'><b>ClickOnEnablePrivacyPolicyWarning</b><br>Test class: com.informatica.tests.managedAPITest<br>Parameters: {Additional Details=APIName=APIM_Automation_AnonPrivacy,Version=1.0.0,Protocol=REST, TestMethodName=ClickOnEnablePrivacyPolicyWarning, Description=Test case to enable privacy policy warning, IsRun=Yes, JIRA_KEY=APIM-1485}</td>
<td><div><pre>java.lang.AssertionError: Exception while clicking ClickOnEnablePrivacyPolicyWarningValidation
	at com.informatica.tests.managedAPITest.ClickOnEnablePrivacyPolicyWarning(managedAPITest.java:272)
	at java.base/java.util.concurrent.FutureTask.run(FutureTask.java:264)
	at java.base/java.util.concurrent.ThreadPoolExecutor.runWorker(ThreadPoolExecutor.java:1136)
	at java.base/java.util.concurrent.ThreadPoolExecutor$Worker.run(ThreadPoolExecutor.java:635)
	at java.base/java.lang.Thread.run(Thread.java:833)
... Removed 17 stack frames</pre></div><a href='#' onClick='toggleBox("stack-trace1400471768", this, "Click to show all stack frames", "Click to hide stack frames")'>Click to show all stack frames</a>
<div class='stack-trace' id='stack-trace1400471768'><pre>java.lang.AssertionError: Exception while clicking ClickOnEnablePrivacyPolicyWarningValidation
	at org.testng.Assert.fail(Assert.java:96)
	at com.informatica.tests.managedAPITest.ClickOnEnablePrivacyPolicyWarning(managedAPITest.java:272)
	at java.base/jdk.internal.reflect.NativeMethodAccessorImpl.invoke0(Native Method)
	at java.base/jdk.internal.reflect.NativeMethodAccessorImpl.invoke(NativeMethodAccessorImpl.java:77)
	at java.base/jdk.internal.reflect.DelegatingMethodAccessorImpl.invoke(DelegatingMethodAccessorImpl.java:43)
	at java.base/java.lang.reflect.Method.invoke(Method.java:568)
	at org.testng.internal.MethodInvocationHelper.invokeMethod(MethodInvocationHelper.java:124)
	at org.testng.internal.Invoker.invokeMethod(Invoker.java:583)
	at org.testng.internal.Invoker.invokeTestMethod(Invoker.java:719)
	at org.testng.internal.Invoker.invokeTestMethods(Invoker.java:989)
	at org.testng.internal.TestMethodWorker.invokeTestMethods(TestMethodWorker.java:125)
	at org.testng.internal.TestMethodWorker.run(TestMethodWorker.java:109)
	at org.testng.TestRunner.privateRun(TestRunner.java:648)
	at org.testng.TestRunner.run(TestRunner.java:505)
	at org.testng.SuiteRunner.runTest(SuiteRunner.java:455)
	at org.testng.SuiteRunner.access$000(SuiteRunner.java:40)
	at org.testng.SuiteRunner$SuiteWorker.run(SuiteRunner.java:489)
	at org.testng.internal.thread.ThreadUtil$1.call(ThreadUtil.java:52)
	at java.base/java.util.concurrent.FutureTask.run(FutureTask.java:264)
	at java.base/java.util.concurrent.ThreadPoolExecutor.runWorker(ThreadPoolExecutor.java:1136)
	at java.base/java.util.concurrent.ThreadPoolExecutor$Worker.run(ThreadPoolExecutor.java:635)
	at java.base/java.lang.Thread.run(Thread.java:833)
</pre></div></td>
<td>261</td>
<td>com.informatica.tests.managedAPITest@2f62ea70</td></tr>
<tr>
<td title='com.informatica.tests.managedAPITest.accessAnonManagedAPI()'><b>accessAnonManagedAPI</b><br>Test class: com.informatica.tests.managedAPITest<br>Parameters: {Additional Details=ManagedAPIName=APIM_Automation_Generic_Anon1, TestMethodName=accessAnonManagedAPI, Description=Test case to validate API URL of Anonymous API, IsRun=Yes, JIRA_KEY=APIM-1476}</td>
<td><div><pre>java.lang.AssertionError: Exception while validating AccessAnonManagedAPi
	at com.informatica.tests.managedAPITest.accessAnonManagedAPI(managedAPITest.java:121)
	at java.base/java.util.concurrent.FutureTask.run(FutureTask.java:264)
	at java.base/java.util.concurrent.ThreadPoolExecutor.runWorker(ThreadPoolExecutor.java:1136)
	at java.base/java.util.concurrent.ThreadPoolExecutor$Worker.run(ThreadPoolExecutor.java:635)
	at java.base/java.lang.Thread.run(Thread.java:833)
... Removed 17 stack frames</pre></div><a href='#' onClick='toggleBox("stack-trace1136956944", this, "Click to show all stack frames", "Click to hide stack frames")'>Click to show all stack frames</a>
<div class='stack-trace' id='stack-trace1136956944'><pre>java.lang.AssertionError: Exception while validating AccessAnonManagedAPi
	at org.testng.Assert.fail(Assert.java:96)
	at com.informatica.tests.managedAPITest.accessAnonManagedAPI(managedAPITest.java:121)
	at java.base/jdk.internal.reflect.NativeMethodAccessorImpl.invoke0(Native Method)
	at java.base/jdk.internal.reflect.NativeMethodAccessorImpl.invoke(NativeMethodAccessorImpl.java:77)
	at java.base/jdk.internal.reflect.DelegatingMethodAccessorImpl.invoke(DelegatingMethodAccessorImpl.java:43)
	at java.base/java.lang.reflect.Method.invoke(Method.java:568)
	at org.testng.internal.MethodInvocationHelper.invokeMethod(MethodInvocationHelper.java:124)
	at org.testng.internal.Invoker.invokeMethod(Invoker.java:583)
	at org.testng.internal.Invoker.invokeTestMethod(Invoker.java:719)
	at org.testng.internal.Invoker.invokeTestMethods(Invoker.java:989)
	at org.testng.internal.TestMethodWorker.invokeTestMethods(TestMethodWorker.java:125)
	at org.testng.internal.TestMethodWorker.run(TestMethodWorker.java:109)
	at org.testng.TestRunner.privateRun(TestRunner.java:648)
	at org.testng.TestRunner.run(TestRunner.java:505)
	at org.testng.SuiteRunner.runTest(SuiteRunner.java:455)
	at org.testng.SuiteRunner.access$000(SuiteRunner.java:40)
	at org.testng.SuiteRunner$SuiteWorker.run(SuiteRunner.java:489)
	at org.testng.internal.thread.ThreadUtil$1.call(ThreadUtil.java:52)
	at java.base/java.util.concurrent.FutureTask.run(FutureTask.java:264)
	at java.base/java.util.concurrent.ThreadPoolExecutor.runWorker(ThreadPoolExecutor.java:1136)
	at java.base/java.util.concurrent.ThreadPoolExecutor$Worker.run(ThreadPoolExecutor.java:635)
	at java.base/java.lang.Thread.run(Thread.java:833)
</pre></div></td>
<td>60</td>
<td>com.informatica.tests.managedAPITest@2f62ea70</td></tr>
<tr>
<td title='com.informatica.tests.managedAPITest.accessBasicManagedAPI()'><b>accessBasicManagedAPI</b><br>Test class: com.informatica.tests.managedAPITest<br>Parameters: {Additional Details=ManagedAPIName=APIM_Automation_Generic_Basic, TestMethodName=accessBasicManagedAPI, Description=Test case to validate API URL of Basic API, IsRun=Yes, JIRA_KEY=APIM-1477}</td>
<td><div><pre>java.lang.AssertionError: Exception while validating AccessBasicManagedAPI
	at com.informatica.tests.managedAPITest.accessBasicManagedAPI(managedAPITest.java:158)
	at java.base/java.util.concurrent.FutureTask.run(FutureTask.java:264)
	at java.base/java.util.concurrent.ThreadPoolExecutor.runWorker(ThreadPoolExecutor.java:1136)
	at java.base/java.util.concurrent.ThreadPoolExecutor$Worker.run(ThreadPoolExecutor.java:635)
	at java.base/java.lang.Thread.run(Thread.java:833)
... Removed 17 stack frames</pre></div><a href='#' onClick='toggleBox("stack-trace1935051948", this, "Click to show all stack frames", "Click to hide stack frames")'>Click to show all stack frames</a>
<div class='stack-trace' id='stack-trace1935051948'><pre>java.lang.AssertionError: Exception while validating AccessBasicManagedAPI
	at org.testng.Assert.fail(Assert.java:96)
	at com.informatica.tests.managedAPITest.accessBasicManagedAPI(managedAPITest.java:158)
	at java.base/jdk.internal.reflect.NativeMethodAccessorImpl.invoke0(Native Method)
	at java.base/jdk.internal.reflect.NativeMethodAccessorImpl.invoke(NativeMethodAccessorImpl.java:77)
	at java.base/jdk.internal.reflect.DelegatingMethodAccessorImpl.invoke(DelegatingMethodAccessorImpl.java:43)
	at java.base/java.lang.reflect.Method.invoke(Method.java:568)
	at org.testng.internal.MethodInvocationHelper.invokeMethod(MethodInvocationHelper.java:124)
	at org.testng.internal.Invoker.invokeMethod(Invoker.java:583)
	at org.testng.internal.Invoker.invokeTestMethod(Invoker.java:719)
	at org.testng.internal.Invoker.invokeTestMethods(Invoker.java:989)
	at org.testng.internal.TestMethodWorker.invokeTestMethods(TestMethodWorker.java:125)
	at org.testng.internal.TestMethodWorker.run(TestMethodWorker.java:109)
	at org.testng.TestRunner.privateRun(TestRunner.java:648)
	at org.testng.TestRunner.run(TestRunner.java:505)
	at org.testng.SuiteRunner.runTest(SuiteRunner.java:455)
	at org.testng.SuiteRunner.access$000(SuiteRunner.java:40)
	at org.testng.SuiteRunner$SuiteWorker.run(SuiteRunner.java:489)
	at org.testng.internal.thread.ThreadUtil$1.call(ThreadUtil.java:52)
	at java.base/java.util.concurrent.FutureTask.run(FutureTask.java:264)
	at java.base/java.util.concurrent.ThreadPoolExecutor.runWorker(ThreadPoolExecutor.java:1136)
	at java.base/java.util.concurrent.ThreadPoolExecutor$Worker.run(ThreadPoolExecutor.java:635)
	at java.base/java.lang.Thread.run(Thread.java:833)
</pre></div></td>
<td>76</td>
<td>com.informatica.tests.managedAPITest@2f62ea70</td></tr>
<tr>
<td title='com.informatica.tests.managedAPITest.validateWSDLURL()'><b>validateWSDLURL</b><br>Test class: com.informatica.tests.managedAPITest<br>Parameters: {Additional Details=ManagedAPIName=APIM_Automation_Generic_Anon1, TestMethodName=validateWSDLURL, Description=Test case to validate WSDL URL, IsRun=Yes, JIRA_KEY=APIM-1494}</td>
<td><div><pre>java.lang.AssertionError: Exception while validating WSDL URL
	at com.informatica.tests.managedAPITest.validateWSDLURL(managedAPITest.java:199)
	at java.base/java.util.concurrent.FutureTask.run(FutureTask.java:264)
	at java.base/java.util.concurrent.ThreadPoolExecutor.runWorker(ThreadPoolExecutor.java:1136)
	at java.base/java.util.concurrent.ThreadPoolExecutor$Worker.run(ThreadPoolExecutor.java:635)
	at java.base/java.lang.Thread.run(Thread.java:833)
... Removed 17 stack frames</pre></div><a href='#' onClick='toggleBox("stack-trace1784352666", this, "Click to show all stack frames", "Click to hide stack frames")'>Click to show all stack frames</a>
<div class='stack-trace' id='stack-trace1784352666'><pre>java.lang.AssertionError: Exception while validating WSDL URL
	at org.testng.Assert.fail(Assert.java:96)
	at com.informatica.tests.managedAPITest.validateWSDLURL(managedAPITest.java:199)
	at java.base/jdk.internal.reflect.NativeMethodAccessorImpl.invoke0(Native Method)
	at java.base/jdk.internal.reflect.NativeMethodAccessorImpl.invoke(NativeMethodAccessorImpl.java:77)
	at java.base/jdk.internal.reflect.DelegatingMethodAccessorImpl.invoke(DelegatingMethodAccessorImpl.java:43)
	at java.base/java.lang.reflect.Method.invoke(Method.java:568)
	at org.testng.internal.MethodInvocationHelper.invokeMethod(MethodInvocationHelper.java:124)
	at org.testng.internal.Invoker.invokeMethod(Invoker.java:583)
	at org.testng.internal.Invoker.invokeTestMethod(Invoker.java:719)
	at org.testng.internal.Invoker.invokeTestMethods(Invoker.java:989)
	at org.testng.internal.TestMethodWorker.invokeTestMethods(TestMethodWorker.java:125)
	at org.testng.internal.TestMethodWorker.run(TestMethodWorker.java:109)
	at org.testng.TestRunner.privateRun(TestRunner.java:648)
	at org.testng.TestRunner.run(TestRunner.java:505)
	at org.testng.SuiteRunner.runTest(SuiteRunner.java:455)
	at org.testng.SuiteRunner.access$000(SuiteRunner.java:40)
	at org.testng.SuiteRunner$SuiteWorker.run(SuiteRunner.java:489)
	at org.testng.internal.thread.ThreadUtil$1.call(ThreadUtil.java:52)
	at java.base/java.util.concurrent.FutureTask.run(FutureTask.java:264)
	at java.base/java.util.concurrent.ThreadPoolExecutor.runWorker(ThreadPoolExecutor.java:1136)
	at java.base/java.util.concurrent.ThreadPoolExecutor$Worker.run(ThreadPoolExecutor.java:635)
	at java.base/java.lang.Thread.run(Thread.java:833)
</pre></div></td>
<td>60</td>
<td>com.informatica.tests.managedAPITest@2f62ea70</td></tr>
</table><p>
<table width='100%' border='1' class='invocation-passed'>
<tr><td colspan='4' align='center'><b>PASSED TESTS</b></td></tr>
<tr><td><b>Test method</b></td>
<td width="30%"><b>Exception</b></td>
<td width="10%"><b>Time (seconds)</b></td>
<td><b>Instance</b></td>
</tr>
<tr>
<td title='com.informatica.tests.managedAPITest.ClickOnEnablePrivacyPolicyBlock()'><b>ClickOnEnablePrivacyPolicyBlock</b><br>Test class: com.informatica.tests.managedAPITest<br>Parameters: {Additional Details=APIName=APIM_Automation_AnonPrivacy,Version=1.0.0,Protocol=REST, TestMethodName=ClickOnEnablePrivacyPolicyBlock, Description=Test case to enable privacy policy block, IsRun=Yes, JIRA_KEY=APIM-1486}</td>
<td></td>
<td>264</td>
<td>com.informatica.tests.managedAPITest@2f62ea70</td></tr>
</table><p>
</body>
</html>