<?xml version="1.0" encoding="UTF-8"?>
<!-- Generated by org.testng.reporters.JUnitReportReporter -->
<testsuite hostname="AAD-W17Q1DRL3" failures="0" tests="3" name="com.informatica.tests.RateLimitTest" time="149.232" errors="2" timestamp="15 Dec 2022 18:09:35 GMT" skipped="0">
  <testcase classname="com.informatica.tests.RateLimitTest" name="tearDown" time="0.968">
    <error message="Failed to read message from driver, pipe closed." type="com.microsoft.playwright.PlaywrightException">
      <![CDATA[com.microsoft.playwright.PlaywrightException: Failed to read message from driver, pipe closed.
at com.microsoft.playwright.impl.PipeTransport.poll(PipeTransport.java:75)
at com.microsoft.playwright.impl.Connection.processOneMessage(Connection.java:157)
at com.microsoft.playwright.impl.ChannelOwner.runUntil(ChannelOwner.java:101)
at com.microsoft.playwright.impl.Connection.sendMessage(Connection.java:105)
at com.microsoft.playwright.impl.ChannelOwner.sendMessage(ChannelOwner.java:94)
at com.microsoft.playwright.impl.ChannelOwner.sendMessage(ChannelOwner.java:90)
at com.microsoft.playwright.impl.BrowserContextImpl.closeImpl(BrowserContextImpl.java:196)
at com.microsoft.playwright.impl.BrowserContextImpl.lambda$close$1(BrowserContextImpl.java:170)
at com.microsoft.playwright.impl.LoggingSupport.lambda$withLogging$0(LoggingSupport.java:36)
at com.microsoft.playwright.impl.LoggingSupport.withLogging(LoggingSupport.java:47)
at com.microsoft.playwright.impl.ChannelOwner.withLogging(ChannelOwner.java:79)
at com.microsoft.playwright.impl.LoggingSupport.withLogging(LoggingSupport.java:35)
at com.microsoft.playwright.impl.BrowserContextImpl.close(BrowserContextImpl.java:170)
at com.informatica.tests.BaseTest.tearDown(BaseTest.java:294)
at java.base/jdk.internal.reflect.NativeMethodAccessorImpl.invoke0(Native Method)
at java.base/jdk.internal.reflect.NativeMethodAccessorImpl.invoke(NativeMethodAccessorImpl.java:77)
at java.base/jdk.internal.reflect.DelegatingMethodAccessorImpl.invoke(DelegatingMethodAccessorImpl.java:43)
at java.base/java.lang.reflect.Method.invoke(Method.java:568)
at org.testng.internal.MethodInvocationHelper.invokeMethod(MethodInvocationHelper.java:124)
at org.testng.internal.MethodInvocationHelper.invokeMethodConsideringTimeout(MethodInvocationHelper.java:59)
at org.testng.internal.Invoker.invokeConfigurationMethod(Invoker.java:458)
at org.testng.internal.Invoker.invokeConfigurations(Invoker.java:222)
at org.testng.internal.Invoker.invokeConfigurations(Invoker.java:142)
at org.testng.TestRunner.afterRun(TestRunner.java:725)
at org.testng.TestRunner.run(TestRunner.java:509)
at org.testng.SuiteRunner.runTest(SuiteRunner.java:455)
at org.testng.SuiteRunner.access$000(SuiteRunner.java:40)
at org.testng.SuiteRunner$SuiteWorker.run(SuiteRunner.java:489)
at org.testng.internal.thread.ThreadUtil$1.call(ThreadUtil.java:52)
at java.base/java.util.concurrent.FutureTask.run(FutureTask.java:264)
at java.base/java.util.concurrent.ThreadPoolExecutor.runWorker(ThreadPoolExecutor.java:1136)
at java.base/java.util.concurrent.ThreadPoolExecutor$Worker.run(ThreadPoolExecutor.java:635)
at java.base/java.lang.Thread.run(Thread.java:833)
Caused by: java.io.EOFException
at com.microsoft.playwright.impl.ReaderThread.readIntLE(PipeTransport.java:110)
at com.microsoft.playwright.impl.ReaderThread.readMessage(PipeTransport.java:139)
at com.microsoft.playwright.impl.ReaderThread.run(PipeTransport.java:125)
]]>
    </error>
  </testcase> <!-- tearDown -->
  <testcase classname="com.informatica.tests.RateLimitTest" name="verifyRateLimitPolicyAppliedToAnonymousApi" time="28.000"/>
  <testcase classname="com.informatica.tests.RateLimitTest" name="verifyRateLimitPolicyAppliedToBasicApi" time="120.264">
    <error message="Error {
  message=&#039;Timeout 60000ms exceeded.
=========================== logs ===========================
waiting for selector &quot;//*[@id=&quot;root&quot;]/div/div[2]/main/div[3]/div/div[1]/ul/button[2]&quot;
============================================================
  name=&#039;TimeoutError
  stack=&#039;TimeoutError: Timeout 60000ms exceeded.
=========================== logs ===========================
waiting for selector &quot;//*[@id=&quot;root&quot;]/div/div[2]/main/div[3]/div/div[1]/ul/button[2]&quot;
============================================================
    at ProgressController.run (C:\Users\jashaik\AppData\Local\Temp\playwright-java-5376866736254237440\package\lib\server\progress.js:96:26)
    at Frame.click (C:\Users\jashaik\AppData\Local\Temp\playwright-java-5376866736254237440\package\lib\server\frames.js:1111:23)
    at FrameDispatcher.click (C:\Users\jashaik\AppData\Local\Temp\playwright-java-5376866736254237440\package\lib\dispatchers\frameDispatcher.js:166:30)
    at DispatcherConnection.dispatch (C:\Users\jashaik\AppData\Local\Temp\playwright-java-5376866736254237440\package\lib\dispatchers\dispatcher.js:352:46)
}" type="com.microsoft.playwright.TimeoutError">
      <![CDATA[com.microsoft.playwright.TimeoutError: Error {
  message='Timeout 60000ms exceeded.
=========================== logs ===========================
waiting for selector "//*[@id="root"]/div/div[2]/main/div[3]/div/div[1]/ul/button[2]"
============================================================
  name='TimeoutError
  stack='TimeoutError: Timeout 60000ms exceeded.
=========================== logs ===========================
waiting for selector "//*[@id="root"]/div/div[2]/main/div[3]/div/div[1]/ul/button[2]"
============================================================
    at ProgressController.run (C:\Users\jashaik\AppData\Local\Temp\playwright-java-5376866736254237440\package\lib\server\progress.js:96:26)
    at Frame.click (C:\Users\jashaik\AppData\Local\Temp\playwright-java-5376866736254237440\package\lib\server\frames.js:1111:23)
    at FrameDispatcher.click (C:\Users\jashaik\AppData\Local\Temp\playwright-java-5376866736254237440\package\lib\dispatchers\frameDispatcher.js:166:30)
    at DispatcherConnection.dispatch (C:\Users\jashaik\AppData\Local\Temp\playwright-java-5376866736254237440\package\lib\dispatchers\dispatcher.js:352:46)
}
at com.microsoft.playwright.impl.WaitableResult.get(WaitableResult.java:52)
at com.microsoft.playwright.impl.ChannelOwner.runUntil(ChannelOwner.java:103)
at com.microsoft.playwright.impl.Connection.sendMessage(Connection.java:105)
at com.microsoft.playwright.impl.ChannelOwner.sendMessage(ChannelOwner.java:94)
at com.microsoft.playwright.impl.FrameImpl.clickImpl(FrameImpl.java:255)
at com.microsoft.playwright.impl.FrameImpl.lambda$click$9(FrameImpl.java:246)
at com.microsoft.playwright.impl.LoggingSupport.lambda$withLogging$0(LoggingSupport.java:36)
at com.microsoft.playwright.impl.LoggingSupport.withLogging(LoggingSupport.java:47)
at com.microsoft.playwright.impl.ChannelOwner.withLogging(ChannelOwner.java:79)
at com.microsoft.playwright.impl.LoggingSupport.withLogging(LoggingSupport.java:35)
at com.microsoft.playwright.impl.FrameImpl.click(FrameImpl.java:246)
at com.microsoft.playwright.impl.LocatorImpl.click(LocatorImpl.java:100)
at com.microsoft.playwright.Locator.click(Locator.java:1648)
at com.informatica.pages.ApiDetailsPolicyPage.clickPoliciesTab(ApiDetailsPolicyPage.java:32)
at com.informatica.tests.RateLimitTest.verifyRateLimitPolicy(RateLimitTest.java:134)
at com.informatica.tests.RateLimitTest.verifyRateLimitPolicyAppliedToBasicApi(RateLimitTest.java:184)
at java.base/jdk.internal.reflect.NativeMethodAccessorImpl.invoke0(Native Method)
at java.base/jdk.internal.reflect.NativeMethodAccessorImpl.invoke(NativeMethodAccessorImpl.java:77)
at java.base/jdk.internal.reflect.DelegatingMethodAccessorImpl.invoke(DelegatingMethodAccessorImpl.java:43)
at java.base/java.lang.reflect.Method.invoke(Method.java:568)
at org.testng.internal.MethodInvocationHelper.invokeMethod(MethodInvocationHelper.java:124)
at org.testng.internal.Invoker.invokeMethod(Invoker.java:583)
at org.testng.internal.Invoker.invokeTestMethod(Invoker.java:719)
at org.testng.internal.Invoker.invokeTestMethods(Invoker.java:989)
at org.testng.internal.TestMethodWorker.invokeTestMethods(TestMethodWorker.java:125)
at org.testng.internal.TestMethodWorker.run(TestMethodWorker.java:109)
at org.testng.TestRunner.privateRun(TestRunner.java:648)
at org.testng.TestRunner.run(TestRunner.java:505)
at org.testng.SuiteRunner.runTest(SuiteRunner.java:455)
at org.testng.SuiteRunner.access$000(SuiteRunner.java:40)
at org.testng.SuiteRunner$SuiteWorker.run(SuiteRunner.java:489)
at org.testng.internal.thread.ThreadUtil$1.call(ThreadUtil.java:52)
at java.base/java.util.concurrent.FutureTask.run(FutureTask.java:264)
at java.base/java.util.concurrent.ThreadPoolExecutor.runWorker(ThreadPoolExecutor.java:1136)
at java.base/java.util.concurrent.ThreadPoolExecutor$Worker.run(ThreadPoolExecutor.java:635)
at java.base/java.lang.Thread.run(Thread.java:833)
Caused by: com.microsoft.playwright.TimeoutError: Error {
  message='Timeout 60000ms exceeded.
=========================== logs ===========================
waiting for selector "//*[@id="root"]/div/div[2]/main/div[3]/div/div[1]/ul/button[2]"
============================================================
  name='TimeoutError
  stack='TimeoutError: Timeout 60000ms exceeded.
=========================== logs ===========================
waiting for selector "//*[@id="root"]/div/div[2]/main/div[3]/div/div[1]/ul/button[2]"
============================================================
    at ProgressController.run (C:\Users\jashaik\AppData\Local\Temp\playwright-java-5376866736254237440\package\lib\server\progress.js:96:26)
    at Frame.click (C:\Users\jashaik\AppData\Local\Temp\playwright-java-5376866736254237440\package\lib\server\frames.js:1111:23)
    at FrameDispatcher.click (C:\Users\jashaik\AppData\Local\Temp\playwright-java-5376866736254237440\package\lib\dispatchers\frameDispatcher.js:166:30)
    at DispatcherConnection.dispatch (C:\Users\jashaik\AppData\Local\Temp\playwright-java-5376866736254237440\package\lib\dispatchers\dispatcher.js:352:46)
}
at com.microsoft.playwright.impl.Connection.dispatch(Connection.java:181)
at com.microsoft.playwright.impl.Connection.processOneMessage(Connection.java:163)
at com.microsoft.playwright.impl.ChannelOwner.runUntil(ChannelOwner.java:101)
... 34 more
]]>
    </error>
  </testcase> <!-- verifyRateLimitPolicyAppliedToBasicApi -->
</testsuite> <!-- com.informatica.tests.RateLimitTest -->
