<?xml version="1.0" encoding="UTF-8"?>
<!-- Generated by org.testng.reporters.JUnitReportReporter -->
<testsuite hostname="AAD-W17Q1DRL3" failures="0" tests="12" name="com.informatica.tests.APIMGroupsRegressionScenarios" time="43.261" errors="1" timestamp="14 Dec 2022 09:05:43 GMT" skipped="10">
  <testcase classname="com.informatica.tests.APIMGroupsRegressionScenarios" name="groupConectAcceptsFrom1to65_TC20" time="42.894"/>
  <testcase classname="com.informatica.tests.APIMGroupsRegressionScenarios" name="tearDown" time="0.367">
    <error message="Failed to read message from driver, pipe closed." type="com.microsoft.playwright.PlaywrightException">
      <![CDATA[com.microsoft.playwright.PlaywrightException: Failed to read message from driver, pipe closed.
at com.microsoft.playwright.impl.PipeTransport.poll(PipeTransport.java:75)
at com.microsoft.playwright.impl.Connection.processOneMessage(Connection.java:157)
at com.microsoft.playwright.impl.ChannelOwner.runUntil(ChannelOwner.java:101)
at com.microsoft.playwright.impl.Connection.sendMessage(Connection.java:105)
at com.microsoft.playwright.impl.ChannelOwner.sendMessage(ChannelOwner.java:94)
at com.microsoft.playwright.impl.ChannelOwner.sendMessage(ChannelOwner.java:90)
at com.microsoft.playwright.impl.BrowserContextImpl.closeImpl(BrowserContextImpl.java:196)
at com.microsoft.playwright.impl.BrowserContextImpl.lambda$close$1(BrowserContextImpl.java:170)
at com.microsoft.playwright.impl.LoggingSupport.lambda$withLogging$0(LoggingSupport.java:36)
at com.microsoft.playwright.impl.LoggingSupport.withLogging(LoggingSupport.java:47)
at com.microsoft.playwright.impl.ChannelOwner.withLogging(ChannelOwner.java:79)
at com.microsoft.playwright.impl.LoggingSupport.withLogging(LoggingSupport.java:35)
at com.microsoft.playwright.impl.BrowserContextImpl.close(BrowserContextImpl.java:170)
at com.informatica.tests.BaseTest.tearDown(BaseTest.java:294)
at java.base/jdk.internal.reflect.NativeMethodAccessorImpl.invoke0(Native Method)
at java.base/jdk.internal.reflect.NativeMethodAccessorImpl.invoke(NativeMethodAccessorImpl.java:77)
at java.base/jdk.internal.reflect.DelegatingMethodAccessorImpl.invoke(DelegatingMethodAccessorImpl.java:43)
at java.base/java.lang.reflect.Method.invoke(Method.java:568)
at org.testng.internal.MethodInvocationHelper.invokeMethod(MethodInvocationHelper.java:124)
at org.testng.internal.MethodInvocationHelper.invokeMethodConsideringTimeout(MethodInvocationHelper.java:59)
at org.testng.internal.Invoker.invokeConfigurationMethod(Invoker.java:458)
at org.testng.internal.Invoker.invokeConfigurations(Invoker.java:222)
at org.testng.internal.Invoker.invokeConfigurations(Invoker.java:142)
at org.testng.TestRunner.afterRun(TestRunner.java:725)
at org.testng.TestRunner.run(TestRunner.java:509)
at org.testng.SuiteRunner.runTest(SuiteRunner.java:455)
at org.testng.SuiteRunner.access$000(SuiteRunner.java:40)
at org.testng.SuiteRunner$SuiteWorker.run(SuiteRunner.java:489)
at org.testng.internal.thread.ThreadUtil$1.call(ThreadUtil.java:52)
at java.base/java.util.concurrent.FutureTask.run(FutureTask.java:264)
at java.base/java.util.concurrent.ThreadPoolExecutor.runWorker(ThreadPoolExecutor.java:1136)
at java.base/java.util.concurrent.ThreadPoolExecutor$Worker.run(ThreadPoolExecutor.java:635)
at java.base/java.lang.Thread.run(Thread.java:833)
Caused by: java.io.EOFException
at com.microsoft.playwright.impl.ReaderThread.readIntLE(PipeTransport.java:110)
at com.microsoft.playwright.impl.ReaderThread.readMessage(PipeTransport.java:139)
at com.microsoft.playwright.impl.ReaderThread.run(PipeTransport.java:125)
]]>
    </error>
  </testcase> <!-- tearDown -->
  <testcase classname="com.informatica.tests.APIMGroupsRegressionScenarios" name="groupConectDoesNotAcceptCharT_TC53">
    <skipped/>
  </testcase> <!-- groupConectDoesNotAcceptCharT_TC53 -->
  <testcase classname="com.informatica.tests.APIMGroupsRegressionScenarios" name="updatedContextIsNotIncludedinAPIURLNotPartOfGroup_TC31">
    <skipped/>
  </testcase> <!-- updatedContextIsNotIncludedinAPIURLNotPartOfGroup_TC31 -->
  <testcase classname="com.informatica.tests.APIMGroupsRegressionScenarios" name="groupNameDoesNotAcceptRestrictedCharecters_TC24">
    <skipped/>
  </testcase> <!-- groupNameDoesNotAcceptRestrictedCharecters_TC24 -->
  <testcase classname="com.informatica.tests.APIMGroupsRegressionScenarios" name="ifContextIsRemovedNotIncludedinAPIURL_TC32">
    <skipped/>
  </testcase> <!-- ifContextIsRemovedNotIncludedinAPIURL_TC32 -->
  <testcase classname="com.informatica.tests.APIMGroupsRegressionScenarios" name="updatedContextIsIncludedinAPIURL_TC30">
    <skipped/>
  </testcase> <!-- updatedContextIsIncludedinAPIURL_TC30 -->
  <testcase classname="com.informatica.tests.APIMGroupsRegressionScenarios" name="creationOfGroupFromAPIGroupTab_TC01">
    <skipped/>
  </testcase> <!-- creationOfGroupFromAPIGroupTab_TC01 -->
  <testcase classname="com.informatica.tests.APIMGroupsRegressionScenarios" name="creationOfGroupFromAPIAddToGroupButton_TC02">
    <skipped/>
  </testcase> <!-- creationOfGroupFromAPIAddToGroupButton_TC02 -->
  <testcase classname="com.informatica.tests.APIMGroupsRegressionScenarios" name="addAPIstoGroupCreatedFrom_TC03">
    <skipped/>
  </testcase> <!-- addAPIstoGroupCreatedFrom_TC03 -->
  <testcase classname="com.informatica.tests.APIMGroupsRegressionScenarios" name="validateAPIURLDoesNotincludesContext_TC29">
    <skipped/>
  </testcase> <!-- validateAPIURLDoesNotincludesContext_TC29 -->
  <testcase classname="com.informatica.tests.APIMGroupsRegressionScenarios" name="validateAPIURLincludesContext_TC27">
    <skipped/>
  </testcase> <!-- validateAPIURLincludesContext_TC27 -->
</testsuite> <!-- com.informatica.tests.APIMGroupsRegressionScenarios -->
