<?xml version="1.0" encoding="UTF-8"?>
<!-- Generated by org.testng.reporters.JUnitReportReporter -->
<testsuite hostname="AAD-W17Q1DRL3" failures="0" tests="8" name="com.informatica.tests.APIGroupsTest" time="94.256" errors="2" timestamp="15 Dec 2022 18:09:35 GMT" skipped="6">
  <testcase classname="com.informatica.tests.APIGroupsTest" name="init" time="93.030">
    <error message="Timeout 60000ms exceeded" type="com.microsoft.playwright.TimeoutError">
      <![CDATA[com.microsoft.playwright.TimeoutError: Timeout 60000ms exceeded
at com.microsoft.playwright.impl.WaitableTimeout.get(WaitableTimeout.java:41)
at com.microsoft.playwright.impl.WaitableRace.get(WaitableRace.java:44)
at com.microsoft.playwright.impl.ChannelOwner.runUntil(ChannelOwner.java:103)
at com.microsoft.playwright.impl.FrameImpl.waitForLoadStateImpl(FrameImpl.java:825)
at com.microsoft.playwright.impl.FrameImpl.waitForLoadStateImpl(FrameImpl.java:810)
at com.microsoft.playwright.impl.PageImpl.lambda$waitForLoadState$69(PageImpl.java:1260)
at com.microsoft.playwright.impl.WaitForEventLogger.get(WaitForEventLogger.java:46)
at com.microsoft.playwright.impl.ChannelOwner.withWaitLogging(ChannelOwner.java:72)
at com.microsoft.playwright.impl.PageImpl.waitForLoadState(PageImpl.java:1259)
at com.microsoft.playwright.Page.waitForLoadState(Page.java:6025)
at com.informatica.pages.LoginPage.ClickonAPIMChiklet(LoginPage.java:50)
at com.informatica.tests.APIGroupsTest.init(APIGroupsTest.java:39)
at java.base/jdk.internal.reflect.NativeMethodAccessorImpl.invoke0(Native Method)
at java.base/jdk.internal.reflect.NativeMethodAccessorImpl.invoke(NativeMethodAccessorImpl.java:77)
at java.base/jdk.internal.reflect.DelegatingMethodAccessorImpl.invoke(DelegatingMethodAccessorImpl.java:43)
at java.base/java.lang.reflect.Method.invoke(Method.java:568)
at org.testng.internal.MethodInvocationHelper.invokeMethod(MethodInvocationHelper.java:124)
at org.testng.internal.MethodInvocationHelper.invokeMethodConsideringTimeout(MethodInvocationHelper.java:59)
at org.testng.internal.Invoker.invokeConfigurationMethod(Invoker.java:458)
at org.testng.internal.Invoker.invokeConfigurations(Invoker.java:222)
at org.testng.internal.Invoker.invokeConfigurations(Invoker.java:142)
at org.testng.TestRunner.beforeRun(TestRunner.java:529)
at org.testng.TestRunner.run(TestRunner.java:497)
at org.testng.SuiteRunner.runTest(SuiteRunner.java:455)
at org.testng.SuiteRunner.access$000(SuiteRunner.java:40)
at org.testng.SuiteRunner$SuiteWorker.run(SuiteRunner.java:489)
at org.testng.internal.thread.ThreadUtil$1.call(ThreadUtil.java:52)
at java.base/java.util.concurrent.FutureTask.run(FutureTask.java:264)
at java.base/java.util.concurrent.ThreadPoolExecutor.runWorker(ThreadPoolExecutor.java:1136)
at java.base/java.util.concurrent.ThreadPoolExecutor$Worker.run(ThreadPoolExecutor.java:635)
at java.base/java.lang.Thread.run(Thread.java:833)
]]>
    </error>
  </testcase> <!-- init -->
  <testcase classname="com.informatica.tests.APIGroupsTest" name="tearDown" time="1.223">
    <error message="Failed to read message from driver, pipe closed." type="com.microsoft.playwright.PlaywrightException">
      <![CDATA[com.microsoft.playwright.PlaywrightException: Failed to read message from driver, pipe closed.
at com.microsoft.playwright.impl.PipeTransport.poll(PipeTransport.java:75)
at com.microsoft.playwright.impl.Connection.processOneMessage(Connection.java:157)
at com.microsoft.playwright.impl.ChannelOwner.runUntil(ChannelOwner.java:101)
at com.microsoft.playwright.impl.Connection.sendMessage(Connection.java:105)
at com.microsoft.playwright.impl.ChannelOwner.sendMessage(ChannelOwner.java:94)
at com.microsoft.playwright.impl.ChannelOwner.sendMessage(ChannelOwner.java:90)
at com.microsoft.playwright.impl.BrowserContextImpl.closeImpl(BrowserContextImpl.java:196)
at com.microsoft.playwright.impl.BrowserContextImpl.lambda$close$1(BrowserContextImpl.java:170)
at com.microsoft.playwright.impl.LoggingSupport.lambda$withLogging$0(LoggingSupport.java:36)
at com.microsoft.playwright.impl.LoggingSupport.withLogging(LoggingSupport.java:47)
at com.microsoft.playwright.impl.ChannelOwner.withLogging(ChannelOwner.java:79)
at com.microsoft.playwright.impl.LoggingSupport.withLogging(LoggingSupport.java:35)
at com.microsoft.playwright.impl.BrowserContextImpl.close(BrowserContextImpl.java:170)
at com.informatica.tests.BaseTest.tearDown(BaseTest.java:294)
at java.base/jdk.internal.reflect.NativeMethodAccessorImpl.invoke0(Native Method)
at java.base/jdk.internal.reflect.NativeMethodAccessorImpl.invoke(NativeMethodAccessorImpl.java:77)
at java.base/jdk.internal.reflect.DelegatingMethodAccessorImpl.invoke(DelegatingMethodAccessorImpl.java:43)
at java.base/java.lang.reflect.Method.invoke(Method.java:568)
at org.testng.internal.MethodInvocationHelper.invokeMethod(MethodInvocationHelper.java:124)
at org.testng.internal.MethodInvocationHelper.invokeMethodConsideringTimeout(MethodInvocationHelper.java:59)
at org.testng.internal.Invoker.invokeConfigurationMethod(Invoker.java:458)
at org.testng.internal.Invoker.invokeConfigurations(Invoker.java:222)
at org.testng.internal.Invoker.invokeConfigurations(Invoker.java:142)
at org.testng.TestRunner.afterRun(TestRunner.java:725)
at org.testng.TestRunner.run(TestRunner.java:509)
at org.testng.SuiteRunner.runTest(SuiteRunner.java:455)
at org.testng.SuiteRunner.access$000(SuiteRunner.java:40)
at org.testng.SuiteRunner$SuiteWorker.run(SuiteRunner.java:489)
at org.testng.internal.thread.ThreadUtil$1.call(ThreadUtil.java:52)
at java.base/java.util.concurrent.FutureTask.run(FutureTask.java:264)
at java.base/java.util.concurrent.ThreadPoolExecutor.runWorker(ThreadPoolExecutor.java:1136)
at java.base/java.util.concurrent.ThreadPoolExecutor$Worker.run(ThreadPoolExecutor.java:635)
at java.base/java.lang.Thread.run(Thread.java:833)
Caused by: java.io.EOFException
at com.microsoft.playwright.impl.ReaderThread.readIntLE(PipeTransport.java:110)
at com.microsoft.playwright.impl.ReaderThread.readMessage(PipeTransport.java:139)
at com.microsoft.playwright.impl.ReaderThread.run(PipeTransport.java:125)
]]>
    </error>
  </testcase> <!-- tearDown -->
  <testcase classname="com.informatica.tests.APIGroupsTest" name="validateUserNavigatedtoAPiGroups" time="0.002">
    <skipped/>
  </testcase> <!-- validateUserNavigatedtoAPiGroups -->
  <testcase classname="com.informatica.tests.APIGroupsTest" name="ValidateHeadersAPiGroups" time="0.001">
    <skipped/>
  </testcase> <!-- ValidateHeadersAPiGroups -->
  <testcase classname="com.informatica.tests.APIGroupsTest" name="validateCreateAPIGroupWithContext" time="0.000">
    <skipped/>
  </testcase> <!-- validateCreateAPIGroupWithContext -->
  <testcase classname="com.informatica.tests.APIGroupsTest" name="validateCreateAPIGroupWithOutContext" time="0.000">
    <skipped/>
  </testcase> <!-- validateCreateAPIGroupWithOutContext -->
  <testcase classname="com.informatica.tests.APIGroupsTest" name="validateRenameAPIGroup" time="0.000">
    <skipped/>
  </testcase> <!-- validateRenameAPIGroup -->
  <testcase classname="com.informatica.tests.APIGroupsTest" name="validateRemoveAPIGroup" time="0.000">
    <skipped/>
  </testcase> <!-- validateRemoveAPIGroup -->
</testsuite> <!-- com.informatica.tests.APIGroupsTest -->
